INFO 25-09-2023 14:29:07 views <WSGIRequest: GET '/lesson2/'>Index page accessed
INFO 25-09-2023 14:29:28 views <WSGIRequest: GET '/lesson2/heads_tails/'>heads_tails page accessed
INFO 25-09-2023 14:35:24 views <WSGIRequest: GET '/lesson2/heads_tails/'>heads_tails page accessed
INFO 25-09-2023 14:54:49 views <WSGIRequest: GET '/lesson2/heads_tails/'>heads_tails page accessed
INFO 25-09-2023 14:54:50 views <WSGIRequest: GET '/lesson2/heads_tails/'>heads_tails page accessed
INFO 25-09-2023 14:54:51 views <WSGIRequest: GET '/lesson2/heads_tails/'>heads_tails page accessed
INFO 25-09-2023 14:54:52 views <WSGIRequest: GET '/lesson2/heads_tails/'>heads_tails page accessed
INFO 25-09-2023 14:54:52 views <WSGIRequest: GET '/lesson2/heads_tails/'>heads_tails page accessed
INFO 25-09-2023 14:54:53 views <WSGIRequest: GET '/lesson2/heads_tails/'>heads_tails page accessed
INFO 25-09-2023 14:55:37 views <WSGIRequest: GET '/lesson2/heads_tails/'>heads_tails page accessed
INFO 25-09-2023 14:55:38 views <WSGIRequest: GET '/lesson2/heads_tails/'>heads_tails page accessed
INFO 25-09-2023 15:00:03 views <WSGIRequest: GET '/lesson2/heads_tails/?/1'>heads_tails page accessed
INFO 25-09-2023 15:00:07 views <WSGIRequest: GET '/lesson2/heads_tails/?/1'>heads_tails page accessed
INFO 25-09-2023 15:00:08 views <WSGIRequest: GET '/lesson2/heads_tails/?/1'>heads_tails page accessed
INFO 25-09-2023 15:00:10 views <WSGIRequest: GET '/lesson2/heads_tails/?/1'>heads_tails page accessed
INFO 25-09-2023 15:00:11 views <WSGIRequest: GET '/lesson2/heads_tails/?/1'>heads_tails page accessed
INFO 25-09-2023 15:00:12 views <WSGIRequest: GET '/lesson2/heads_tails/?/1'>heads_tails page accessed
INFO 25-09-2023 15:00:14 views <WSGIRequest: GET '/lesson2/heads_tails/?/1'>heads_tails page accessed
INFO 25-09-2023 15:00:14 views <WSGIRequest: GET '/lesson2/heads_tails/?/1'>heads_tails page accessed
INFO 25-09-2023 15:00:25 views <WSGIRequest: GET '/lesson2/heads_tails/?/1'>heads_tails page accessed
INFO 25-09-2023 15:00:26 views <WSGIRequest: GET '/lesson2/heads_tails/?/1'>heads_tails page accessed
INFO 25-09-2023 15:00:28 views <WSGIRequest: GET '/lesson2/heads_tails/?/1'>heads_tails page accessed
INFO 25-09-2023 15:00:37 views <WSGIRequest: GET '/lesson2/heads_tails/?/10'>heads_tails page accessed
INFO 25-09-2023 15:00:39 views <WSGIRequest: GET '/lesson2/heads_tails/?/10'>heads_tails page accessed
INFO 25-09-2023 15:00:41 views <WSGIRequest: GET '/lesson2/heads_tails/?/10'>heads_tails page accessed
INFO 25-09-2023 15:00:41 views <WSGIRequest: GET '/lesson2/heads_tails/?/10'>heads_tails page accessed
INFO 25-09-2023 15:00:42 views <WSGIRequest: GET '/lesson2/heads_tails/?/10'>heads_tails page accessed
INFO 25-09-2023 15:00:43 views <WSGIRequest: GET '/lesson2/heads_tails/?/10'>heads_tails page accessed
INFO 25-09-2023 15:00:44 views <WSGIRequest: GET '/lesson2/heads_tails/?/10'>heads_tails page accessed
INFO 25-09-2023 15:00:44 views <WSGIRequest: GET '/lesson2/heads_tails/?/10'>heads_tails page accessed
INFO 25-09-2023 15:00:50 views <WSGIRequest: GET '/lesson2/heads_tails/'>heads_tails page accessed
INFO 25-09-2023 15:37:56 views <WSGIRequest: GET '/lesson2/authors/'>author page accessed
INFO 25-09-2023 15:38:04 views <WSGIRequest: GET '/lesson2/authors/'>author page accessed
INFO 25-09-2023 15:38:15 views <WSGIRequest: GET '/lesson2/articles/'>articles page accessed
INFO 26-09-2023 08:05:49 views <WSGIRequest: GET '/lesson2/articles/'>articles page accessed
INFO 26-09-2023 08:06:26 views <WSGIRequest: GET '/lesson2/authors/'>author page accessed
INFO 26-09-2023 10:26:32 views <WSGIRequest: GET '/lesson2/article_by_author/'>articles by author
INFO 26-09-2023 10:29:35 views <WSGIRequest: GET '/lesson2/article_by_author/?name=Name5'>articles by author
INFO 26-09-2023 10:30:56 views <WSGIRequest: GET '/lesson2/article_by_author/?name=Name8'>articles by author
INFO 26-09-2023 10:35:34 views <WSGIRequest: GET '/lesson2/article_by_author/?name=Name5'>articles by author
INFO 26-09-2023 10:36:22 views <WSGIRequest: GET '/lesson2/article_by_author/?name=Name5'>articles by author
INFO 26-09-2023 10:36:31 views <WSGIRequest: GET '/lesson2/article_by_author/?name=Name8'>articles by author
INFO 26-09-2023 10:41:20 views <WSGIRequest: GET '/lesson2/article_by_author/?name=Name8'>articles by author
INFO 26-09-2023 10:41:43 views <WSGIRequest: GET '/lesson2/article_by_author/?name=Name5'>articles by author
INFO 26-09-2023 10:42:30 views <WSGIRequest: GET '/lesson2/article_by_author/?name=Name5'>articles by author
INFO 26-09-2023 10:43:17 views <WSGIRequest: GET '/lesson2/article_by_author/?name=Name5'>articles by author
INFO 26-09-2023 10:43:42 views <WSGIRequest: GET '/lesson2/article_by_author/?name=Name5'>articles by author
INFO 26-09-2023 10:45:00 views <WSGIRequest: GET '/lesson2/article_by_author/?name=Name5'>articles by author
INFO 26-09-2023 10:46:42 views <WSGIRequest: GET '/lesson2/article_by_author/?name=Name5'>articles by author
INFO 28-09-2023 09:27:10 views <WSGIRequest: GET '/lesson2/article_by_author/?name=Name5'>articles by author
INFO 02-10-2023 18:13:35 views <WSGIRequest: GET '/lesson2/'>Index page accessed
INFO 02-10-2023 18:20:17 views <WSGIRequest: GET '/lesson2/'>Index page accessed
INFO 03-10-2023 05:22:06 views <WSGIRequest: GET '/lesson2/'>Index page accessed
